Using pre-set license
Built from '2020.3/staging' branch; Version is '2020.3.0f1 (c7b5465681fb) revision 13088070'; Using compiler version '192528614'; Build Type 'Release'
OS: 'Windows 10 Pro; OS build 18363.1379; Version 1909; 64bit' Language: 'en' Physical Memory: 16274 MB
BatchMode: 1, IsHumanControllingUs: 0, StartBugReporterOnCrash: 0, Is64bit: 1, IsPro: 0

 COMMAND LINE ARGUMENTS:
C:\Program Files\Unity\Hub\Editor\2020.3.0f1\Editor\Unity.exe
-adb2
-batchMode
-noUpm
-name
AssetImportWorker0
-projectPath
C:/Users/atsir/Documents/Theseus
-logFile
Logs/AssetImportWorker0.log
-srvPort
63129
Successfully changed project path to: C:/Users/atsir/Documents/Theseus
C:/Users/atsir/Documents/Theseus
Using Asset Import Pipeline V2.
Refreshing native plugins compatible for Editor in 98.51 ms, found 0 plugins.
Preloading 0 native plugins for Editor in 0.00 ms.
Initialize engine version: 2020.3.0f1 (c7b5465681fb)
[Subsystems] Discovering subsystems at path C:/Program Files/Unity/Hub/Editor/2020.3.0f1/Editor/Data/Resources/UnitySubsystems
[Subsystems] Discovering subsystems at path C:/Users/atsir/Documents/Theseus/Assets
GfxDevice: creating device client; threaded=0
Direct3D:
    Version:  Direct3D 11.0 [level 11.1]
    Renderer: NVIDIA GeForce GTX 1060 6GB (ID=0x1c03)
    Vendor:   
    VRAM:     6052 MB
    Driver:   27.21.14.5671
Shader 'Universal Render Pipeline/Particles/Lit': fallback shader 'Universal Render Pipeline/Particles/SimpleLit' not found
Initialize mono
Mono path[0] = 'C:/Program Files/Unity/Hub/Editor/2020.3.0f1/Editor/Data/Managed'
Mono path[1] = 'C:/Program Files/Unity/Hub/Editor/2020.3.0f1/Editor/Data/MonoBleedingEdge/lib/mono/unityjit'
Mono config path = 'C:/Program Files/Unity/Hub/Editor/2020.3.0f1/Editor/Data/MonoBleedingEdge/etc'
Using monoOptions --debugger-agent=transport=dt_socket,embedding=1,server=y,suspend=n,address=127.0.0.1:56376
Begin MonoManager ReloadAssembly
Registering precompiled unity dll's ...
Register platform support module: C:/Program Files/Unity/Hub/Editor/2020.3.0f1/Editor/Data/PlaybackEngines/WindowsStandaloneSupport/UnityEditor.WindowsStandalone.Extensions.dll
Registered in 0.002728 seconds.
Native extension for WindowsStandalone target not found
Refreshing native plugins compatible for Editor in 186.99 ms, found 0 plugins.
Preloading 0 native plugins for Editor in 0.00 ms.
Invoked RoslynAnalysisRunner static constructor.
RoslynAnalysisRunner will not be running.
RoslynAnalysisRunner has terminated.
Mono: successfully reloaded assembly
- Completed reload, in  4.686 seconds
Platform modules already initialized, skipping
Registering precompiled user dll's ...
Registered in 0.012275 seconds.
Begin MonoManager ReloadAssembly
Native extension for WindowsStandalone target not found
Refreshing native plugins compatible for Editor in 342.88 ms, found 0 plugins.
Preloading 0 native plugins for Editor in 0.00 ms.
Invoked RoslynAnalysisRunner static constructor.
RoslynAnalysisRunner will not be running.
RoslynAnalysisRunner has terminated.
Mono: successfully reloaded assembly
- Completed reload, in  1.945 seconds
Platform modules already initialized, skipping
========================================================================
Worker process is ready to serve import requests
Shader 'Universal Render Pipeline/Particles/Lit': fallback shader 'Universal Render Pipeline/Particles/SimpleLit' not found
Launched and connected shader compiler UnityShaderCompiler.exe after 0.06 seconds
Refreshing native plugins compatible for Editor in 0.75 ms, found 0 plugins.
Preloading 0 native plugins for Editor in 0.00 ms.
Unloading 4105 Unused Serialized files (Serialized files now loaded: 0)
System memory in use before: 270.5 MB.
System memory in use after: 270.7 MB.

Unloading 117 unused Assets to reduce memory usage. Loaded Objects now: 4546.
Total: 3.624100 ms (FindLiveObjects: 0.404000 ms CreateObjectMapping: 0.332900 ms MarkObjects: 2.634000 ms  DeleteObjects: 0.251400 ms)

========================================================================
Received Import Request.
  path: Assets/Scripts/Version2_Scripts/GameManager.cs
  artifactKey: Guid(e166ddb76d9bc724494867c2d46686ef) Importer(815301076,1909f56bfc062723c751e8b465ee728b)
Start importing Assets/Scripts/Version2_Scripts/GameManager.cs using Guid(e166ddb76d9bc724494867c2d46686ef) Importer(815301076,1909f56bfc062723c751e8b465ee728b)  -> (artifact id: '6ac7cd4e531016c7361aeaa5b238aa86') in 0.056552 seconds
  Import took 0.063224 seconds .

========================================================================
Received Prepare
Registering precompiled user dll's ...
Registered in 0.002127 seconds.
Begin MonoManager ReloadAssembly
Native extension for WindowsStandalone target not found
Refreshing native plugins compatible for Editor in 0.72 ms, found 0 plugins.
Preloading 0 native plugins for Editor in 0.00 ms.
Invoked RoslynAnalysisRunner static constructor.
RoslynAnalysisRunner will not be running.
RoslynAnalysisRunner has terminated.
Mono: successfully reloaded assembly
- Completed reload, in  1.318 seconds
Platform modules already initialized, skipping
Shader 'Universal Render Pipeline/Particles/Lit': fallback shader 'Universal Render Pipeline/Particles/SimpleLit' not found
Refreshing native plugins compatible for Editor in 0.75 ms, found 0 plugins.
Preloading 0 native plugins for Editor in 0.00 ms.
Unloading 3875 Unused Serialized files (Serialized files now loaded: 0)
System memory in use before: 255.1 MB.
System memory in use after: 255.4 MB.

Unloading 112 unused Assets to reduce memory usage. Loaded Objects now: 4549.
Total: 3.349200 ms (FindLiveObjects: 0.395200 ms CreateObjectMapping: 0.238200 ms MarkObjects: 2.527800 ms  DeleteObjects: 0.186200 ms)

========================================================================
Received Prepare
Registering precompiled user dll's ...
Registered in 0.002731 seconds.
Begin MonoManager ReloadAssembly
Native extension for WindowsStandalone target not found
Refreshing native plugins compatible for Editor in 0.78 ms, found 0 plugins.
Preloading 0 native plugins for Editor in 0.00 ms.
Invoked RoslynAnalysisRunner static constructor.
RoslynAnalysisRunner will not be running.
RoslynAnalysisRunner has terminated.
Mono: successfully reloaded assembly
- Completed reload, in  1.565 seconds
Platform modules already initialized, skipping
Shader 'Universal Render Pipeline/Particles/Lit': fallback shader 'Universal Render Pipeline/Particles/SimpleLit' not found
Refreshing native plugins compatible for Editor in 0.76 ms, found 0 plugins.
Preloading 0 native plugins for Editor in 0.00 ms.
Unloading 3875 Unused Serialized files (Serialized files now loaded: 0)
System memory in use before: 255.2 MB.
System memory in use after: 255.4 MB.

Unloading 112 unused Assets to reduce memory usage. Loaded Objects now: 4552.
Total: 3.760200 ms (FindLiveObjects: 0.406200 ms CreateObjectMapping: 0.271800 ms MarkObjects: 2.896200 ms  DeleteObjects: 0.184400 ms)

========================================================================
Received Prepare
Registering precompiled user dll's ...
Registered in 0.002776 seconds.
Begin MonoManager ReloadAssembly
Native extension for WindowsStandalone target not found
Refreshing native plugins compatible for Editor in 0.72 ms, found 0 plugins.
Preloading 0 native plugins for Editor in 0.00 ms.
Invoked RoslynAnalysisRunner static constructor.
RoslynAnalysisRunner will not be running.
RoslynAnalysisRunner has terminated.
Mono: successfully reloaded assembly
- Completed reload, in  1.503 seconds
Platform modules already initialized, skipping
Shader 'Universal Render Pipeline/Particles/Lit': fallback shader 'Universal Render Pipeline/Particles/SimpleLit' not found
Refreshing native plugins compatible for Editor in 0.76 ms, found 0 plugins.
Preloading 0 native plugins for Editor in 0.00 ms.
Unloading 3875 Unused Serialized files (Serialized files now loaded: 0)
System memory in use before: 255.2 MB.
System memory in use after: 255.5 MB.

Unloading 112 unused Assets to reduce memory usage. Loaded Objects now: 4555.
Total: 3.590400 ms (FindLiveObjects: 0.416900 ms CreateObjectMapping: 0.261700 ms MarkObjects: 2.730800 ms  DeleteObjects: 0.179000 ms)

========================================================================
Received Prepare
Registering precompiled user dll's ...
Registered in 0.002141 seconds.
Begin MonoManager ReloadAssembly
Native extension for WindowsStandalone target not found
Refreshing native plugins compatible for Editor in 0.69 ms, found 0 plugins.
Preloading 0 native plugins for Editor in 0.00 ms.
Invoked RoslynAnalysisRunner static constructor.
RoslynAnalysisRunner will not be running.
RoslynAnalysisRunner has terminated.
Mono: successfully reloaded assembly
- Completed reload, in  1.528 seconds
Platform modules already initialized, skipping
Shader 'Universal Render Pipeline/Particles/Lit': fallback shader 'Universal Render Pipeline/Particles/SimpleLit' not found
Refreshing native plugins compatible for Editor in 0.87 ms, found 0 plugins.
Preloading 0 native plugins for Editor in 0.00 ms.
Unloading 3875 Unused Serialized files (Serialized files now loaded: 0)
System memory in use before: 255.2 MB.
System memory in use after: 255.5 MB.

Unloading 112 unused Assets to reduce memory usage. Loaded Objects now: 4558.
Total: 3.232400 ms (FindLiveObjects: 0.395700 ms CreateObjectMapping: 0.238400 ms MarkObjects: 2.394000 ms  DeleteObjects: 0.202300 ms)

AssetImportWorkerClient::OnTransportError - code=2 error=End of file
